time=2025-08-06T22:53:57.898+02:00 level=INFO source=/Users/karloscodes/Code/cartridge/logging.go:99 msg="Initializing database connection" url=data/app.db
time=2025-08-06T22:53:57.899+02:00 level=INFO source=/Users/karloscodes/Code/cartridge/logging.go:99 msg="SQLite pragmas applied (placeholder mode)"
time=2025-08-06T22:53:57.899+02:00 level=INFO source=/Users/karloscodes/Code/cartridge/logging.go:99 msg="Database connection established successfully (placeholder mode)"
time=2025-08-06T22:53:57.899+02:00 level=INFO source=/Users/karloscodes/Code/cartridge/logging.go:99 msg="Setting up Cartridge application" environment=development port=8080
time=2025-08-06T22:53:57.899+02:00 level=INFO source=/Users/karloscodes/Code/cartridge/logging.go:99 msg="Fiber application created successfully"
time=2025-08-06T22:53:57.899+02:00 level=INFO source=/Users/karloscodes/Code/cartridge/logging.go:99 msg="Setting up middleware stack"
time=2025-08-06T22:53:57.899+02:00 level=INFO source=/Users/karloscodes/Code/cartridge/logging.go:99 msg="Middleware stack configured successfully"
time=2025-08-06T22:53:57.899+02:00 level=INFO source=/Users/karloscodes/Code/cartridge/logging.go:99 msg="Default routes configured" health=/_health readiness=/_ready liveness=/_live
time=2025-08-06T22:53:57.899+02:00 level=INFO source=/Users/karloscodes/Code/cartridge/logging.go:99 msg="Cartridge application setup completed"
time=2025-08-06T22:53:57.899+02:00 level=INFO source=/Users/karloscodes/Code/cartridge/logging.go:99 msg="Starting Cartridge application" service=cartridge-example
time=2025-08-06T22:53:57.899+02:00 level=INFO source=/Users/karloscodes/Code/cartridge/logging.go:99 msg="Server configuration complete" service=cartridge-example
time=2025-08-06T22:53:57.899+02:00 level=INFO source=/Users/karloscodes/Code/cartridge/logging.go:99 msg="Available routes" service=cartridge-example crud="/products (7 routes)" custom_health=/health config=/config root=/ default_health=/_health readiness=/_ready liveness=/_live
time=2025-08-06T22:53:57.899+02:00 level=INFO source=/Users/karloscodes/Code/cartridge/logging.go:99 msg="Default health endpoints automatically configured" service=cartridge-example
time=2025-08-06T22:53:57.899+02:00 level=INFO source=/Users/karloscodes/Code/cartridge/logging.go:99 msg="Starting Cartridge application"
time=2025-08-06T22:53:57.899+02:00 level=INFO source=/Users/karloscodes/Code/cartridge/logging.go:99 msg="Server will start" address=:8080
time=2025-08-06T22:53:57.899+02:00 level=INFO source=/Users/karloscodes/Code/cartridge/logging.go:99 msg="Press Ctrl+C to shutdown gracefully"
time=2025-08-06T22:53:57.899+02:00 level=INFO source=/Users/karloscodes/Code/cartridge/logging.go:99 msg="Starting Cartridge server" address=:8080
time=2025-08-06T22:53:57.900+02:00 level=INFO source=/Users/karloscodes/Code/cartridge/logging.go:99 msg="Server ready to handle requests"
time=2025-08-06T22:56:45.091+02:00 level=INFO source=/Users/karloscodes/Code/cartridge/database.go:87 msg="Initializing database connection" url=data/app.db
time=2025-08-06T22:56:45.091+02:00 level=INFO source=/Users/karloscodes/Code/cartridge/database.go:155 msg="SQLite pragmas applied (placeholder mode)"
time=2025-08-06T22:56:45.091+02:00 level=INFO source=/Users/karloscodes/Code/cartridge/database.go:125 msg="Database connection established successfully (placeholder mode)"
time=2025-08-06T22:56:45.091+02:00 level=INFO source=/Users/karloscodes/Code/cartridge/app.go:506 msg="Setting up Cartridge application" environment=development port=8080
time=2025-08-06T22:56:45.091+02:00 level=INFO source=/Users/karloscodes/Code/cartridge/app.go:914 msg="Fiber application created successfully"
time=2025-08-06T22:56:45.091+02:00 level=INFO source=/Users/karloscodes/Code/cartridge/app.go:920 msg="Setting up middleware stack"
time=2025-08-06T22:56:45.092+02:00 level=INFO source=/Users/karloscodes/Code/cartridge/app.go:976 msg="Middleware stack configured successfully"
time=2025-08-06T22:56:45.092+02:00 level=INFO source=/Users/karloscodes/Code/cartridge/app.go:542 msg="Default routes configured" health=/_health readiness=/_ready liveness=/_live
time=2025-08-06T22:56:45.092+02:00 level=INFO source=/Users/karloscodes/Code/cartridge/app.go:531 msg="Cartridge application setup completed"
time=2025-08-06T22:56:45.092+02:00 level=INFO source=/Users/karloscodes/Code/cartridge/examples/main.go:124 msg="Starting Cartridge application" service=cartridge-example
time=2025-08-06T22:56:45.092+02:00 level=INFO source=/Users/karloscodes/Code/cartridge/examples/main.go:151 msg="Server configuration complete" service=cartridge-example
time=2025-08-06T22:56:45.092+02:00 level=INFO source=/Users/karloscodes/Code/cartridge/examples/main.go:152 msg="Available routes" service=cartridge-example crud="/products (7 routes)" custom_health=/health config=/config root=/ default_health=/_health readiness=/_ready liveness=/_live
time=2025-08-06T22:56:45.092+02:00 level=INFO source=/Users/karloscodes/Code/cartridge/examples/main.go:161 msg="Default health endpoints automatically configured" service=cartridge-example
time=2025-08-06T22:56:45.092+02:00 level=INFO source=/Users/karloscodes/Code/cartridge/app.go:1055 msg="Starting Cartridge application"
time=2025-08-06T22:56:45.092+02:00 level=INFO source=/Users/karloscodes/Code/cartridge/app.go:1060 msg="Server will start" address=:8080
time=2025-08-06T22:56:45.092+02:00 level=INFO source=/Users/karloscodes/Code/cartridge/app.go:1061 msg="Press Ctrl+C to shutdown gracefully"
time=2025-08-06T22:56:45.092+02:00 level=INFO source=/Users/karloscodes/Code/cartridge/app.go:817 msg="Starting Cartridge server" address=:8080
time=2025-08-06T22:56:45.092+02:00 level=INFO source=/Users/karloscodes/Code/cartridge/app.go:826 msg="Server ready to handle requests"
time=2025-08-06T23:04:46.153+02:00 level=INFO source=/Users/karloscodes/Code/cartridge/database.go:167 msg="Initializing database connection" url=data/app.db
time=2025-08-06T23:04:46.155+02:00 level=INFO source=/Users/karloscodes/Code/cartridge/database.go:254 msg="SQLite pragmas applied successfully"
time=2025-08-06T23:04:46.155+02:00 level=INFO source=/Users/karloscodes/Code/cartridge/database.go:220 msg="Database connection established successfully" max_open_conns=10 max_idle_conns=5 journal_mode=WAL
time=2025-08-06T23:04:46.155+02:00 level=INFO source=/Users/karloscodes/Code/cartridge/app.go:506 msg="Setting up Cartridge application" environment=development port=8080
time=2025-08-06T23:04:46.155+02:00 level=INFO source=/Users/karloscodes/Code/cartridge/app.go:914 msg="Fiber application created successfully"
time=2025-08-06T23:04:46.155+02:00 level=INFO source=/Users/karloscodes/Code/cartridge/app.go:920 msg="Setting up middleware stack"
time=2025-08-06T23:04:46.155+02:00 level=INFO source=/Users/karloscodes/Code/cartridge/app.go:976 msg="Middleware stack configured successfully"
time=2025-08-06T23:04:46.155+02:00 level=INFO source=/Users/karloscodes/Code/cartridge/app.go:542 msg="Default routes configured" health=/_health readiness=/_ready liveness=/_live
time=2025-08-06T23:04:46.155+02:00 level=INFO source=/Users/karloscodes/Code/cartridge/app.go:531 msg="Cartridge application setup completed"
time=2025-08-06T23:04:46.155+02:00 level=INFO source=/Users/karloscodes/Code/cartridge/examples/main.go:124 msg="Starting Cartridge application" service=cartridge-example
time=2025-08-06T23:04:46.155+02:00 level=INFO source=/Users/karloscodes/Code/cartridge/examples/main.go:151 msg="Server configuration complete" service=cartridge-example
time=2025-08-06T23:04:46.155+02:00 level=INFO source=/Users/karloscodes/Code/cartridge/examples/main.go:152 msg="Available routes" service=cartridge-example crud="/products (7 routes)" custom_health=/health config=/config root=/ default_health=/_health readiness=/_ready liveness=/_live
time=2025-08-06T23:04:46.155+02:00 level=INFO source=/Users/karloscodes/Code/cartridge/examples/main.go:161 msg="Default health endpoints automatically configured" service=cartridge-example
time=2025-08-06T23:04:46.155+02:00 level=INFO source=/Users/karloscodes/Code/cartridge/app.go:1055 msg="Starting Cartridge application"
time=2025-08-06T23:04:46.155+02:00 level=INFO source=/Users/karloscodes/Code/cartridge/app.go:1060 msg="Server will start" address=:8080
time=2025-08-06T23:04:46.155+02:00 level=INFO source=/Users/karloscodes/Code/cartridge/app.go:1061 msg="Press Ctrl+C to shutdown gracefully"
time=2025-08-06T23:04:46.155+02:00 level=INFO source=/Users/karloscodes/Code/cartridge/app.go:817 msg="Starting Cartridge server" address=:8080
time=2025-08-06T23:04:46.155+02:00 level=INFO source=/Users/karloscodes/Code/cartridge/app.go:826 msg="Server ready to handle requests"
